<?xml version="1.0" encoding="UTF-8"?>
<!-- Generated by org.testng.reporters.JUnitReportReporter -->
<testsuite hostname="WINDOWS-N0Q5TOC" failures="0" tests="1" name="SeleniumMaven.MavenDemo.MavenReview" time="0.011" errors="0" timestamp="2022-11-16T19:43:49 EST" skipped="0">
  <testcase classname="SeleniumMaven.MavenDemo.MavenReview" name="mavenMethodOne" time="0.011"/>
  <system-out/>
</testsuite> <!-- SeleniumMaven.MavenDemo.MavenReview -->
