<?xml version="1.0" encoding="UTF-8"?>
<!-- Generated by org.testng.reporters.JUnitReportReporter -->
<testsuite name="SeleniumMaven.MavenDemo.MavenReviewFour" tests="2" time="0.000" ignored="0" failures="0" timestamp="17 Nov 2022 01:30:55 GMT" skipped="0" hostname="WINDOWS-N0Q5TOC" errors="0">
  <testcase name="mavenFourMethodOne" time="0.000" classname="SeleniumMaven.MavenDemo.MavenReviewFour"/>
  <testcase name="mavenFourMethodTwo" time="0.000" classname="SeleniumMaven.MavenDemo.MavenReviewFour"/>
</testsuite> <!-- SeleniumMaven.MavenDemo.MavenReviewFour -->
