<?xml version="1.0" encoding="UTF-8"?>
<!-- Generated by org.testng.reporters.JUnitReportReporter -->
<testsuite name="SeleniumMaven.MavenDemo.MavenReviewThree" tests="2" time="0.000" ignored="0" failures="0" timestamp="17 Nov 2022 01:30:55 GMT" skipped="0" hostname="WINDOWS-N0Q5TOC" errors="0">
  <testcase name="mavenTwoMethodTwo" time="0.000" classname="SeleniumMaven.MavenDemo.MavenReviewThree"/>
  <testcase name="mavenTwoMethodOne" time="0.000" classname="SeleniumMaven.MavenDemo.MavenReviewThree"/>
</testsuite> <!-- SeleniumMaven.MavenDemo.MavenReviewThree -->
