<?xml version="1.0" encoding="UTF-8"?>
<!-- Generated by org.testng.reporters.JUnitReportReporter -->
<testsuite name="SeleniumMaven.MavenDemo.MavenReviewTwo" tests="2" time="0.007" ignored="0" failures="0" timestamp="17 Nov 2022 01:30:55 GMT" skipped="0" hostname="WINDOWS-N0Q5TOC" errors="0">
  <testcase name="mavenThreeMethodTwo" time="0.000" classname="SeleniumMaven.MavenDemo.MavenReviewTwo"/>
  <testcase name="mavenThreeMethodOne" time="0.007" classname="SeleniumMaven.MavenDemo.MavenReviewTwo"/>
</testsuite> <!-- SeleniumMaven.MavenDemo.MavenReviewTwo -->
