<?xml version="1.0" encoding="UTF-8"?>
<!-- Generated by org.testng.reporters.JUnitReportReporter -->
<testsuite name="SeleniumMaven.MavenDemo.MavenReview" tests="1" time="0.041" ignored="1" failures="0" timestamp="17 Nov 2022 01:18:48 GMT" skipped="0" hostname="WINDOWS-N0Q5TOC" errors="0">
  <testcase name="mavenMethodTwo" time="0.041" classname="SeleniumMaven.MavenDemo.MavenReview"/>
  <testcase name="mavenMethodOne" classname="SeleniumMaven.MavenDemo.MavenReview">
    <skipped/>
  </testcase> <!-- mavenMethodOne -->
</testsuite> <!-- SeleniumMaven.MavenDemo.MavenReview -->
